<?xml version="1.0" encoding="UTF-8"?>
<testng-results ignored="0" total="1" passed="1" failed="0" skipped="0">
  <reporter-output>
  </reporter-output>
  <suite started-at="2024-09-24T16:27:44 IST" name="Suite" finished-at="2024-09-24T16:30:14 IST" duration-ms="149859">
    <groups>
    </groups>
    <test started-at="2024-09-24T16:27:44 IST" name="Test" finished-at="2024-09-24T16:30:14 IST" duration-ms="149859">
      <class name="testCase.TC_001_Login">
        <test-method is-config="true" signature="setup(java.lang.String)[pri:0, instance:testCase.TC_001_Login@484094a5]" started-at="2024-09-24T16:27:45 IST" name="setup" finished-at="2024-09-24T16:29:05 IST" duration-ms="79427" status="PASS">
          <params>
            <param index="0">
              <value>
                <![CDATA[firefox]]>
              </value>
            </param>
          </params>
          <reporter-output>
          </reporter-output>
        </test-method> <!-- setup -->
        <test-method signature="login()[pri:0, instance:testCase.TC_001_Login@484094a5]" started-at="2024-09-24T16:29:05 IST" name="login" finished-at="2024-09-24T16:30:14 IST" duration-ms="68856" status="PASS">
          <reporter-output>
          </reporter-output>
        </test-method> <!-- login -->
      </class> <!-- testCase.TC_001_Login -->
    </test> <!-- Test -->
  </suite> <!-- Suite -->
</testng-results>
