<?xml version="1.0" encoding="UTF-8"?>
<testng-results ignored="0" total="1" passed="1" failed="0" skipped="0">
  <reporter-output>
  </reporter-output>
  <suite started-at="2024-09-23T00:45:28 IST" name="Suite" finished-at="2024-09-23T00:47:20 IST" duration-ms="111410">
    <groups>
    </groups>
    <test started-at="2024-09-23T00:45:28 IST" name="Test" finished-at="2024-09-23T00:47:20 IST" duration-ms="111410">
      <class name="testCase.TC_001_Login">
        <test-method is-config="true" signature="setup(java.lang.String)[pri:0, instance:testCase.TC_001_Login@38234a38]" started-at="2024-09-23T00:45:29 IST" name="setup" finished-at="2024-09-23T00:45:59 IST" duration-ms="30292" status="PASS">
          <params>
            <param index="0">
              <value>
                <![CDATA[Firefox]]>
              </value>
            </param>
          </params>
          <reporter-output>
          </reporter-output>
        </test-method> <!-- setup -->
        <test-method signature="login()[pri:0, instance:testCase.TC_001_Login@38234a38]" started-at="2024-09-23T00:45:59 IST" name="login" finished-at="2024-09-23T00:47:16 IST" duration-ms="76990" status="PASS">
          <reporter-output>
          </reporter-output>
        </test-method> <!-- login -->
        <test-method is-config="true" signature="teardown()[pri:0, instance:testCase.TC_001_Login@38234a38]" started-at="2024-09-23T00:47:16 IST" name="teardown" finished-at="2024-09-23T00:47:20 IST" duration-ms="3559" status="PASS">
          <reporter-output>
          </reporter-output>
        </test-method> <!-- teardown -->
      </class> <!-- testCase.TC_001_Login -->
    </test> <!-- Test -->
  </suite> <!-- Suite -->
</testng-results>
